<?xml version="1.0" encoding="UTF-8"?>
<testng-results ignored="0" total="1" passed="1" failed="0" skipped="0">
  <reporter-output>
  </reporter-output>
  <suite started-at="2022-09-09T11:45:38 IST" name="Default suite" finished-at="2022-09-09T11:45:38 IST" duration-ms="63">
    <groups>
    </groups>
    <test started-at="2022-09-09T11:45:38 IST" name="Default test" finished-at="2022-09-09T11:45:38 IST" duration-ms="63">
      <class name="ddt.ReadDataFromCmdLineTest">
        <test-method signature="readData()[pri:0, instance:ddt.ReadDataFromCmdLineTest@cad498c]" started-at="2022-09-09T11:45:38 IST" name="readData" finished-at="2022-09-09T11:45:38 IST" duration-ms="10" status="PASS">
          <reporter-output>
          </reporter-output>
        </test-method> <!-- readData -->
      </class> <!-- ddt.ReadDataFromCmdLineTest -->
    </test> <!-- Default test -->
  </suite> <!-- Default suite -->
</testng-results>
